[2019-09-01 13:28:56] my_logger.DEBUG: Using token from environment [] []
[2019-09-01 13:28:56] my_logger.DEBUG: Using token from environment [] []
[2019-09-01 13:28:56] my_logger.DEBUG: Using token from environment [] []
[2019-09-01 13:28:56] my_logger.DEBUG: Using token from environment [] []
[2019-09-01 13:29:32] my_logger.DEBUG: Using token from environment [] []
[2019-09-01 13:29:32] my_logger.DEBUG: Using token from environment [] []
[2019-09-01 13:29:32] my_logger.DEBUG: Using token from environment [] []
[2019-09-01 13:29:32] my_logger.DEBUG: Using token from environment [] []
[2019-09-01 13:29:32] my_logger.DEBUG: Using token from environment [] []
[2019-09-01 13:29:41] my_logger.DEBUG: Using token from environment [] []
[2019-09-01 13:29:41] my_logger.DEBUG: Using token from environment [] []
[2019-09-01 13:29:41] my_logger.DEBUG: Using token from environment [] []
[2019-09-01 13:29:41] my_logger.DEBUG: Using token from environment [] []
[2019-09-01 13:29:41] my_logger.DEBUG: Using token from environment [] []
[2019-09-01 13:29:41] my_logger.DEBUG: Using token from environment [] []
[2019-09-01 13:29:50] my_logger.DEBUG: Using token from environment [] []
[2019-09-01 13:29:50] my_logger.DEBUG: Using token from environment [] []
[2019-09-01 13:29:50] my_logger.DEBUG: Using token from environment [] []
[2019-09-01 13:37:10] my_logger.DEBUG: Using token from environment [] []
[2019-09-01 13:37:10] my_logger.DEBUG: Using token from environment [] []
[2019-09-01 13:37:10] my_logger.DEBUG: Using token from environment [] []
[2019-09-01 13:37:10] my_logger.DEBUG: Using token from environment [] []
[2019-09-01 13:37:30] my_logger.DEBUG: Using token from environment [] []
[2019-09-01 13:37:30] my_logger.DEBUG: Using token from environment [] []
[2019-09-01 13:37:30] my_logger.DEBUG: Using token from environment [] []
[2019-09-01 13:37:30] my_logger.DEBUG: Using token from environment [] []
[2019-09-01 13:41:28] my_logger.DEBUG: Using token from environment [] []
[2019-09-01 13:41:29] my_logger.DEBUG: Using token from environment [] []
[2019-09-01 13:41:29] my_logger.DEBUG: Using token from environment [] []
[2019-09-01 13:41:29] my_logger.DEBUG: Using token from environment [] []
[2019-09-01 13:43:44] my_logger.DEBUG: Using token from environment [] []
[2019-09-01 13:43:44] my_logger.DEBUG: Using token from environment [] []
[2019-09-01 13:43:44] my_logger.DEBUG: Using token from environment [] []
[2019-09-01 13:43:44] my_logger.DEBUG: Using token from environment [] []
[2019-09-01 13:46:38] my_logger.DEBUG: Using token from environment [] []
[2019-09-01 13:46:38] my_logger.DEBUG: Using token from environment [] []
[2019-09-01 13:46:38] my_logger.DEBUG: Using token from environment [] []
[2019-09-01 13:46:38] my_logger.DEBUG: Using token from environment [] []
[2019-09-01 13:47:26] my_logger.DEBUG: Using token from environment [] []
[2019-09-01 13:47:26] my_logger.DEBUG: Using token from environment [] []
[2019-09-01 13:47:26] my_logger.DEBUG: Using token from environment [] []
[2019-09-01 13:47:26] my_logger.DEBUG: Using token from environment [] []
[2019-09-01 13:47:26] my_logger.DEBUG: Using token from environment [] []
[2019-09-01 13:51:25] my_logger.DEBUG: Using token from environment [] []
[2019-09-01 13:51:25] my_logger.DEBUG: Using token from environment [] []
[2019-09-01 13:51:25] my_logger.DEBUG: Using token from environment [] []
[2019-09-01 13:51:25] my_logger.DEBUG: Using token from environment [] []
[2019-09-01 13:57:43] my_logger.DEBUG: Using token from environment [] []
[2019-09-01 13:57:43] my_logger.DEBUG: Using token from environment [] []
[2019-09-01 13:57:43] my_logger.DEBUG: Using token from environment [] []
[2019-09-01 13:57:43] my_logger.WARNING: Expired token ["eyJ0eXAiOiJKV1QiLCJhbGciOiJIUzI1NiJ9.eyJpYXQiOjE1NjczNDUwNDgsImV4cCI6MTU2NzM0NjI0OCwianRpIjoidm8xdThUbnY2MTRvZTE5dXg2S2d0Iiwic3ViIjoiam9hby5jYW5hYnJhdmFAZ21haWwuY29tIn0.tRQ800cDobz8GwI15a0XFNXnFH1FHU192Ctcc_TB4_E"] []
[2019-09-01 13:57:43] my_logger.WARNING: Expired token ["eyJ0eXAiOiJKV1QiLCJhbGciOiJIUzI1NiJ9.eyJpYXQiOjE1NjczNDUwNDgsImV4cCI6MTU2NzM0NjI0OCwianRpIjoidm8xdThUbnY2MTRvZTE5dXg2S2d0Iiwic3ViIjoiam9hby5jYW5hYnJhdmFAZ21haWwuY29tIn0.tRQ800cDobz8GwI15a0XFNXnFH1FHU192Ctcc_TB4_E"] []
[2019-09-01 13:57:43] my_logger.WARNING: Expired token ["eyJ0eXAiOiJKV1QiLCJhbGciOiJIUzI1NiJ9.eyJpYXQiOjE1NjczNDUwNDgsImV4cCI6MTU2NzM0NjI0OCwianRpIjoidm8xdThUbnY2MTRvZTE5dXg2S2d0Iiwic3ViIjoiam9hby5jYW5hYnJhdmFAZ21haWwuY29tIn0.tRQ800cDobz8GwI15a0XFNXnFH1FHU192Ctcc_TB4_E"] []
[2019-09-01 13:57:44] my_logger.DEBUG: Using token from environment [] []
[2019-09-01 13:57:44] my_logger.DEBUG: Using token from environment [] []
[2019-09-01 13:57:44] my_logger.WARNING: Expired token ["eyJ0eXAiOiJKV1QiLCJhbGciOiJIUzI1NiJ9.eyJpYXQiOjE1NjczNDUwNDgsImV4cCI6MTU2NzM0NjI0OCwianRpIjoidm8xdThUbnY2MTRvZTE5dXg2S2d0Iiwic3ViIjoiam9hby5jYW5hYnJhdmFAZ21haWwuY29tIn0.tRQ800cDobz8GwI15a0XFNXnFH1FHU192Ctcc_TB4_E"] []
[2019-09-01 13:57:44] my_logger.WARNING: Expired token ["eyJ0eXAiOiJKV1QiLCJhbGciOiJIUzI1NiJ9.eyJpYXQiOjE1NjczNDUwNDgsImV4cCI6MTU2NzM0NjI0OCwianRpIjoidm8xdThUbnY2MTRvZTE5dXg2S2d0Iiwic3ViIjoiam9hby5jYW5hYnJhdmFAZ21haWwuY29tIn0.tRQ800cDobz8GwI15a0XFNXnFH1FHU192Ctcc_TB4_E"] []
[2019-09-01 13:57:44] my_logger.DEBUG: Using token from environment [] []
[2019-09-01 13:57:44] my_logger.WARNING: Expired token ["eyJ0eXAiOiJKV1QiLCJhbGciOiJIUzI1NiJ9.eyJpYXQiOjE1NjczNDUwNDgsImV4cCI6MTU2NzM0NjI0OCwianRpIjoidm8xdThUbnY2MTRvZTE5dXg2S2d0Iiwic3ViIjoiam9hby5jYW5hYnJhdmFAZ21haWwuY29tIn0.tRQ800cDobz8GwI15a0XFNXnFH1FHU192Ctcc_TB4_E"] []
[2019-09-01 14:02:53] my_logger.DEBUG: Using token from environment [] []
[2019-09-01 14:02:53] my_logger.DEBUG: Using token from environment [] []
[2019-09-01 14:02:53] my_logger.DEBUG: Using token from environment [] []
[2019-09-01 14:02:53] my_logger.DEBUG: Using token from environment [] []
[2019-09-01 14:04:26] my_logger.DEBUG: Using token from environment [] []
[2019-09-01 14:04:26] my_logger.DEBUG: Using token from environment [] []
[2019-09-01 14:04:26] my_logger.DEBUG: Using token from environment [] []
[2019-09-01 14:04:39] my_logger.DEBUG: Using token from environment [] []
[2019-09-01 14:04:39] my_logger.DEBUG: Using token from environment [] []
[2019-09-01 14:04:39] my_logger.DEBUG: Using token from environment [] []
[2019-09-01 14:06:10] my_logger.DEBUG: Using token from environment [] []
[2019-09-01 14:06:10] my_logger.WARNING: Expired token ["eyJ0eXAiOiJKV1QiLCJhbGciOiJIUzI1NiJ9.eyJpYXQiOjE1NjczNDY1NzIsImV4cCI6MTU2NzM0NjY5MiwianRpIjoiSFJQTjlOSTc2THRaNE5FYnhVdmZTIiwic3ViIjoiam9hby5jYW5hYnJhdmFAZ21haWwuY29tIn0.Eo699affZ-Br1jnxUMcbH8FHD4ArnD5PqgEUrVK2AkE"] []
[2019-09-01 14:06:10] my_logger.DEBUG: Using token from environment [] []
[2019-09-01 14:06:10] my_logger.WARNING: Expired token ["eyJ0eXAiOiJKV1QiLCJhbGciOiJIUzI1NiJ9.eyJpYXQiOjE1NjczNDY1NzIsImV4cCI6MTU2NzM0NjY5MiwianRpIjoiSFJQTjlOSTc2THRaNE5FYnhVdmZTIiwic3ViIjoiam9hby5jYW5hYnJhdmFAZ21haWwuY29tIn0.Eo699affZ-Br1jnxUMcbH8FHD4ArnD5PqgEUrVK2AkE"] []
[2019-09-01 14:06:10] my_logger.DEBUG: Using token from environment [] []
[2019-09-01 14:06:10] my_logger.WARNING: Expired token ["eyJ0eXAiOiJKV1QiLCJhbGciOiJIUzI1NiJ9.eyJpYXQiOjE1NjczNDY1NzIsImV4cCI6MTU2NzM0NjY5MiwianRpIjoiSFJQTjlOSTc2THRaNE5FYnhVdmZTIiwic3ViIjoiam9hby5jYW5hYnJhdmFAZ21haWwuY29tIn0.Eo699affZ-Br1jnxUMcbH8FHD4ArnD5PqgEUrVK2AkE"] []
[2019-09-01 14:06:10] my_logger.DEBUG: Using token from environment [] []
[2019-09-01 14:06:10] my_logger.WARNING: Expired token ["eyJ0eXAiOiJKV1QiLCJhbGciOiJIUzI1NiJ9.eyJpYXQiOjE1NjczNDY1NzIsImV4cCI6MTU2NzM0NjY5MiwianRpIjoiSFJQTjlOSTc2THRaNE5FYnhVdmZTIiwic3ViIjoiam9hby5jYW5hYnJhdmFAZ21haWwuY29tIn0.Eo699affZ-Br1jnxUMcbH8FHD4ArnD5PqgEUrVK2AkE"] []
[2019-09-01 14:06:10] my_logger.DEBUG: Using token from environment [] []
[2019-09-01 14:06:10] my_logger.WARNING: Expired token ["eyJ0eXAiOiJKV1QiLCJhbGciOiJIUzI1NiJ9.eyJpYXQiOjE1NjczNDY1NzIsImV4cCI6MTU2NzM0NjY5MiwianRpIjoiSFJQTjlOSTc2THRaNE5FYnhVdmZTIiwic3ViIjoiam9hby5jYW5hYnJhdmFAZ21haWwuY29tIn0.Eo699affZ-Br1jnxUMcbH8FHD4ArnD5PqgEUrVK2AkE"] []
[2019-09-01 14:06:11] my_logger.DEBUG: Using token from environment [] []
[2019-09-01 14:06:11] my_logger.WARNING: Expired token ["eyJ0eXAiOiJKV1QiLCJhbGciOiJIUzI1NiJ9.eyJpYXQiOjE1NjczNDY1NzIsImV4cCI6MTU2NzM0NjY5MiwianRpIjoiSFJQTjlOSTc2THRaNE5FYnhVdmZTIiwic3ViIjoiam9hby5jYW5hYnJhdmFAZ21haWwuY29tIn0.Eo699affZ-Br1jnxUMcbH8FHD4ArnD5PqgEUrVK2AkE"] []
[2019-09-01 14:07:53] my_logger.DEBUG: Using token from environment [] []
[2019-09-01 14:07:53] my_logger.DEBUG: Using token from environment [] []
[2019-09-01 14:07:53] my_logger.DEBUG: Using token from environment [] []
[2019-09-01 14:07:53] my_logger.DEBUG: Using token from environment [] []
[2019-09-01 14:08:54] my_logger.DEBUG: Using token from environment [] []
[2019-09-01 14:08:54] my_logger.DEBUG: Using token from environment [] []
[2019-09-01 14:08:54] my_logger.DEBUG: Using token from environment [] []
[2019-09-01 14:09:59] my_logger.DEBUG: Using token from environment [] []
[2019-09-01 14:09:59] my_logger.WARNING: Expired token ["eyJ0eXAiOiJKV1QiLCJhbGciOiJIUzI1NiJ9.eyJpYXQiOjE1NjczNDY4NzMsImV4cCI6MTU2NzM0Njk5MywianRpIjoiNVpnb1VZQ1E3SlVIRXVGM25Rdmh5RiIsInN1YiI6ImpvYW8uY2FuYWJyYXZhQGdtYWlsLmNvbSJ9.yV4U9U0McHEEWvFcC61bn5s7NBqAHE-4RoHlwdBPsI0"] []
[2019-09-01 14:09:59] my_logger.DEBUG: Using token from environment [] []
[2019-09-01 14:09:59] my_logger.WARNING: Expired token ["eyJ0eXAiOiJKV1QiLCJhbGciOiJIUzI1NiJ9.eyJpYXQiOjE1NjczNDY4NzMsImV4cCI6MTU2NzM0Njk5MywianRpIjoiNVpnb1VZQ1E3SlVIRXVGM25Rdmh5RiIsInN1YiI6ImpvYW8uY2FuYWJyYXZhQGdtYWlsLmNvbSJ9.yV4U9U0McHEEWvFcC61bn5s7NBqAHE-4RoHlwdBPsI0"] []
[2019-09-01 14:09:59] my_logger.DEBUG: Using token from environment [] []
[2019-09-01 14:09:59] my_logger.WARNING: Expired token ["eyJ0eXAiOiJKV1QiLCJhbGciOiJIUzI1NiJ9.eyJpYXQiOjE1NjczNDY4NzMsImV4cCI6MTU2NzM0Njk5MywianRpIjoiNVpnb1VZQ1E3SlVIRXVGM25Rdmh5RiIsInN1YiI6ImpvYW8uY2FuYWJyYXZhQGdtYWlsLmNvbSJ9.yV4U9U0McHEEWvFcC61bn5s7NBqAHE-4RoHlwdBPsI0"] []
[2019-09-01 14:09:59] my_logger.DEBUG: Using token from environment [] []
[2019-09-01 14:09:59] my_logger.WARNING: Expired token ["eyJ0eXAiOiJKV1QiLCJhbGciOiJIUzI1NiJ9.eyJpYXQiOjE1NjczNDY4NzMsImV4cCI6MTU2NzM0Njk5MywianRpIjoiNVpnb1VZQ1E3SlVIRXVGM25Rdmh5RiIsInN1YiI6ImpvYW8uY2FuYWJyYXZhQGdtYWlsLmNvbSJ9.yV4U9U0McHEEWvFcC61bn5s7NBqAHE-4RoHlwdBPsI0"] []
[2019-09-01 14:09:59] my_logger.DEBUG: Using token from environment [] []
[2019-09-01 14:09:59] my_logger.WARNING: Expired token ["eyJ0eXAiOiJKV1QiLCJhbGciOiJIUzI1NiJ9.eyJpYXQiOjE1NjczNDY4NzMsImV4cCI6MTU2NzM0Njk5MywianRpIjoiNVpnb1VZQ1E3SlVIRXVGM25Rdmh5RiIsInN1YiI6ImpvYW8uY2FuYWJyYXZhQGdtYWlsLmNvbSJ9.yV4U9U0McHEEWvFcC61bn5s7NBqAHE-4RoHlwdBPsI0"] []
[2019-09-01 14:09:59] my_logger.DEBUG: Using token from environment [] []
[2019-09-01 14:09:59] my_logger.WARNING: Expired token ["eyJ0eXAiOiJKV1QiLCJhbGciOiJIUzI1NiJ9.eyJpYXQiOjE1NjczNDY4NzMsImV4cCI6MTU2NzM0Njk5MywianRpIjoiNVpnb1VZQ1E3SlVIRXVGM25Rdmh5RiIsInN1YiI6ImpvYW8uY2FuYWJyYXZhQGdtYWlsLmNvbSJ9.yV4U9U0McHEEWvFcC61bn5s7NBqAHE-4RoHlwdBPsI0"] []
[2019-09-01 14:13:26] my_logger.DEBUG: Using token from environment [] []
[2019-09-01 14:13:26] my_logger.DEBUG: Using token from environment [] []
[2019-09-01 14:13:26] my_logger.DEBUG: Using token from environment [] []
[2019-09-01 14:13:26] my_logger.DEBUG: Using token from environment [] []
[2019-09-01 14:15:01] my_logger.DEBUG: Using token from environment [] []
[2019-09-01 14:15:01] my_logger.DEBUG: Using token from environment [] []
[2019-09-01 14:15:01] my_logger.DEBUG: Using token from environment [] []
[2019-09-01 14:16:08] my_logger.DEBUG: Using token from environment [] []
[2019-09-01 14:16:08] my_logger.WARNING: Expired token ["eyJ0eXAiOiJKV1QiLCJhbGciOiJIUzI1NiJ9.eyJpYXQiOjE1NjczNDcyMDUsImV4cCI6MTU2NzM0NzMyNSwianRpIjoiMk5MbDNpNjIzSlF0UENLbkpBUVhIIiwic3ViIjoiam9hby5jYW5hYnJhdmFAZ21haWwuY29tIn0.wGYxeN09XF1XkZnVpZAawnsOU9ls0i9y6ABThAZGpug"] []
[2019-09-01 14:16:08] my_logger.DEBUG: Using token from environment [] []
[2019-09-01 14:16:08] my_logger.DEBUG: Using token from environment [] []
[2019-09-01 14:16:08] my_logger.WARNING: Expired token ["eyJ0eXAiOiJKV1QiLCJhbGciOiJIUzI1NiJ9.eyJpYXQiOjE1NjczNDcyMDUsImV4cCI6MTU2NzM0NzMyNSwianRpIjoiMk5MbDNpNjIzSlF0UENLbkpBUVhIIiwic3ViIjoiam9hby5jYW5hYnJhdmFAZ21haWwuY29tIn0.wGYxeN09XF1XkZnVpZAawnsOU9ls0i9y6ABThAZGpug"] []
[2019-09-01 14:16:16] my_logger.DEBUG: Using token from environment [] []
[2019-09-01 14:16:16] my_logger.WARNING: Expired token ["eyJ0eXAiOiJKV1QiLCJhbGciOiJIUzI1NiJ9.eyJpYXQiOjE1NjczNDcyMDUsImV4cCI6MTU2NzM0NzMyNSwianRpIjoiMk5MbDNpNjIzSlF0UENLbkpBUVhIIiwic3ViIjoiam9hby5jYW5hYnJhdmFAZ21haWwuY29tIn0.wGYxeN09XF1XkZnVpZAawnsOU9ls0i9y6ABThAZGpug"] []
[2019-09-01 14:16:17] my_logger.DEBUG: Using token from environment [] []
[2019-09-01 14:16:17] my_logger.DEBUG: Using token from environment [] []
[2019-09-01 14:16:17] my_logger.WARNING: Expired token ["eyJ0eXAiOiJKV1QiLCJhbGciOiJIUzI1NiJ9.eyJpYXQiOjE1NjczNDcyMDUsImV4cCI6MTU2NzM0NzMyNSwianRpIjoiMk5MbDNpNjIzSlF0UENLbkpBUVhIIiwic3ViIjoiam9hby5jYW5hYnJhdmFAZ21haWwuY29tIn0.wGYxeN09XF1XkZnVpZAawnsOU9ls0i9y6ABThAZGpug"] []
[2019-09-01 14:16:17] my_logger.WARNING: Expired token ["eyJ0eXAiOiJKV1QiLCJhbGciOiJIUzI1NiJ9.eyJpYXQiOjE1NjczNDcyMDUsImV4cCI6MTU2NzM0NzMyNSwianRpIjoiMk5MbDNpNjIzSlF0UENLbkpBUVhIIiwic3ViIjoiam9hby5jYW5hYnJhdmFAZ21haWwuY29tIn0.wGYxeN09XF1XkZnVpZAawnsOU9ls0i9y6ABThAZGpug"] []
[2019-09-01 14:17:45] my_logger.DEBUG: Using token from environment [] []
[2019-09-01 14:17:46] my_logger.DEBUG: Using token from environment [] []
[2019-09-01 14:17:46] my_logger.DEBUG: Using token from environment [] []
[2019-09-01 14:17:46] my_logger.DEBUG: Using token from environment [] []
[2019-09-01 14:20:31] my_logger.DEBUG: Using token from environment [] []
[2019-09-01 14:20:31] my_logger.DEBUG: Using token from environment [] []
[2019-09-01 14:20:31] my_logger.WARNING: Expired token ["eyJ0eXAiOiJKV1QiLCJhbGciOiJIUzI1NiJ9.eyJpYXQiOjE1NjczNDc0NTUsImV4cCI6MTU2NzM0NzU3NSwianRpIjoiNThRRG80NGhPaU5WcDZudklkMlFaYyIsInN1YiI6ImpvYW8uY2FuYWJyYXZhQGdtYWlsLmNvbSJ9.J1zAlnjBCv5iLXb0YsoNIYVy3DpjDaxVOTbol99TmRI"] []
[2019-09-01 14:20:31] my_logger.WARNING: Expired token ["eyJ0eXAiOiJKV1QiLCJhbGciOiJIUzI1NiJ9.eyJpYXQiOjE1NjczNDc0NTUsImV4cCI6MTU2NzM0NzU3NSwianRpIjoiNThRRG80NGhPaU5WcDZudklkMlFaYyIsInN1YiI6ImpvYW8uY2FuYWJyYXZhQGdtYWlsLmNvbSJ9.J1zAlnjBCv5iLXb0YsoNIYVy3DpjDaxVOTbol99TmRI"] []
[2019-09-01 14:20:31] my_logger.WARNING: Expired token ["eyJ0eXAiOiJKV1QiLCJhbGciOiJIUzI1NiJ9.eyJpYXQiOjE1NjczNDc0NTUsImV4cCI6MTU2NzM0NzU3NSwianRpIjoiNThRRG80NGhPaU5WcDZudklkMlFaYyIsInN1YiI6ImpvYW8uY2FuYWJyYXZhQGdtYWlsLmNvbSJ9.J1zAlnjBCv5iLXb0YsoNIYVy3DpjDaxVOTbol99TmRI"] []
[2019-09-01 14:20:43] my_logger.DEBUG: Using token from environment [] []
[2019-09-01 14:20:43] my_logger.WARNING: Expired token ["eyJ0eXAiOiJKV1QiLCJhbGciOiJIUzI1NiJ9.eyJpYXQiOjE1NjczNDc0NTUsImV4cCI6MTU2NzM0NzU3NSwianRpIjoiNThRRG80NGhPaU5WcDZudklkMlFaYyIsInN1YiI6ImpvYW8uY2FuYWJyYXZhQGdtYWlsLmNvbSJ9.J1zAlnjBCv5iLXb0YsoNIYVy3DpjDaxVOTbol99TmRI"] []
[2019-09-01 14:20:43] my_logger.DEBUG: Using token from environment [] []
[2019-09-01 14:20:43] my_logger.WARNING: Expired token ["eyJ0eXAiOiJKV1QiLCJhbGciOiJIUzI1NiJ9.eyJpYXQiOjE1NjczNDc0NTUsImV4cCI6MTU2NzM0NzU3NSwianRpIjoiNThRRG80NGhPaU5WcDZudklkMlFaYyIsInN1YiI6ImpvYW8uY2FuYWJyYXZhQGdtYWlsLmNvbSJ9.J1zAlnjBCv5iLXb0YsoNIYVy3DpjDaxVOTbol99TmRI"] []
[2019-09-01 14:20:43] my_logger.DEBUG: Using token from environment [] []
[2019-09-01 14:20:43] my_logger.WARNING: Expired token ["eyJ0eXAiOiJKV1QiLCJhbGciOiJIUzI1NiJ9.eyJpYXQiOjE1NjczNDc0NTUsImV4cCI6MTU2NzM0NzU3NSwianRpIjoiNThRRG80NGhPaU5WcDZudklkMlFaYyIsInN1YiI6ImpvYW8uY2FuYWJyYXZhQGdtYWlsLmNvbSJ9.J1zAlnjBCv5iLXb0YsoNIYVy3DpjDaxVOTbol99TmRI"] []
[2019-09-01 14:21:07] my_logger.DEBUG: Using token from environment [] []
[2019-09-01 14:21:07] my_logger.DEBUG: Using token from environment [] []
[2019-09-01 14:21:07] my_logger.DEBUG: Using token from environment [] []
[2019-09-01 14:21:07] my_logger.DEBUG: Using token from environment [] []
[2019-09-01 14:23:04] my_logger.DEBUG: Using token from environment [] []
[2019-09-01 14:23:05] my_logger.WARNING: Expired token ["eyJ0eXAiOiJKV1QiLCJhbGciOiJIUzI1NiJ9.eyJpYXQiOjE1NjczNDc2NTYsImV4cCI6MTU2NzM0Nzc3NiwianRpIjoiMXpOWTBGOXYwVTNSV3pJNUhOWDdrMyIsInN1YiI6ImpvYW8uY2FuYWJyYXZhQGdtYWlsLmNvbSJ9.r5deYRHjokndY2e8X47KqsqWoNNkwruLSxonFlmmSro"] []
[2019-09-01 14:23:05] my_logger.DEBUG: Using token from environment [] []
[2019-09-01 14:23:05] my_logger.DEBUG: Using token from environment [] []
[2019-09-01 14:23:07] my_logger.WARNING: Expired token ["eyJ0eXAiOiJKV1QiLCJhbGciOiJIUzI1NiJ9.eyJpYXQiOjE1NjczNDc2NTYsImV4cCI6MTU2NzM0Nzc3NiwianRpIjoiMXpOWTBGOXYwVTNSV3pJNUhOWDdrMyIsInN1YiI6ImpvYW8uY2FuYWJyYXZhQGdtYWlsLmNvbSJ9.r5deYRHjokndY2e8X47KqsqWoNNkwruLSxonFlmmSro"] []
[2019-09-01 14:23:07] my_logger.WARNING: Expired token ["eyJ0eXAiOiJKV1QiLCJhbGciOiJIUzI1NiJ9.eyJpYXQiOjE1NjczNDc2NTYsImV4cCI6MTU2NzM0Nzc3NiwianRpIjoiMXpOWTBGOXYwVTNSV3pJNUhOWDdrMyIsInN1YiI6ImpvYW8uY2FuYWJyYXZhQGdtYWlsLmNvbSJ9.r5deYRHjokndY2e8X47KqsqWoNNkwruLSxonFlmmSro"] []
[2019-09-01 14:23:17] my_logger.DEBUG: Using token from environment [] []
[2019-09-01 14:23:17] my_logger.WARNING: Expired token ["eyJ0eXAiOiJKV1QiLCJhbGciOiJIUzI1NiJ9.eyJpYXQiOjE1NjczNDc2NTYsImV4cCI6MTU2NzM0Nzc3NiwianRpIjoiMXpOWTBGOXYwVTNSV3pJNUhOWDdrMyIsInN1YiI6ImpvYW8uY2FuYWJyYXZhQGdtYWlsLmNvbSJ9.r5deYRHjokndY2e8X47KqsqWoNNkwruLSxonFlmmSro"] []
[2019-09-01 14:23:17] my_logger.DEBUG: Using token from environment [] []
[2019-09-01 14:23:17] my_logger.DEBUG: Using token from environment [] []
[2019-09-01 14:23:17] my_logger.WARNING: Expired token ["eyJ0eXAiOiJKV1QiLCJhbGciOiJIUzI1NiJ9.eyJpYXQiOjE1NjczNDc2NTYsImV4cCI6MTU2NzM0Nzc3NiwianRpIjoiMXpOWTBGOXYwVTNSV3pJNUhOWDdrMyIsInN1YiI6ImpvYW8uY2FuYWJyYXZhQGdtYWlsLmNvbSJ9.r5deYRHjokndY2e8X47KqsqWoNNkwruLSxonFlmmSro"] []
[2019-09-01 14:23:17] my_logger.WARNING: Expired token ["eyJ0eXAiOiJKV1QiLCJhbGciOiJIUzI1NiJ9.eyJpYXQiOjE1NjczNDc2NTYsImV4cCI6MTU2NzM0Nzc3NiwianRpIjoiMXpOWTBGOXYwVTNSV3pJNUhOWDdrMyIsInN1YiI6ImpvYW8uY2FuYWJyYXZhQGdtYWlsLmNvbSJ9.r5deYRHjokndY2e8X47KqsqWoNNkwruLSxonFlmmSro"] []
[2019-09-01 14:27:30] my_logger.DEBUG: Using token from environment [] []
[2019-09-01 14:27:30] my_logger.DEBUG: Using token from environment [] []
[2019-09-01 14:27:30] my_logger.DEBUG: Using token from environment [] []
[2019-09-01 14:27:48] my_logger.DEBUG: Using token from environment [] []
[2019-09-01 14:29:12] my_logger.DEBUG: Using token from environment [] []
[2019-09-01 14:29:12] my_logger.DEBUG: Using token from environment [] []
[2019-09-01 14:29:12] my_logger.DEBUG: Using token from environment [] []
[2019-09-01 14:31:01] my_logger.DEBUG: Using token from environment [] []
[2019-09-01 14:31:01] my_logger.DEBUG: Using token from environment [] []
[2019-09-01 14:31:01] my_logger.WARNING: Expired token ["eyJ0eXAiOiJKV1QiLCJhbGciOiJIUzI1NiJ9.eyJpYXQiOjE1NjczNDgwNDUsImV4cCI6MTU2NzM0ODE2NSwianRpIjoiV0xFUmNYM0RvZ2k3V0dXUlppaTQ3Iiwic3ViIjoiam9hby5jYW5hYnJhdmFAZ21haWwuY29tIn0.RTL62A-WdoyJKyURzDsAvpApBAVV5LY7GGVtQpoC6B4"] []
[2019-09-01 14:31:01] my_logger.WARNING: Expired token ["eyJ0eXAiOiJKV1QiLCJhbGciOiJIUzI1NiJ9.eyJpYXQiOjE1NjczNDgwNDUsImV4cCI6MTU2NzM0ODE2NSwianRpIjoiV0xFUmNYM0RvZ2k3V0dXUlppaTQ3Iiwic3ViIjoiam9hby5jYW5hYnJhdmFAZ21haWwuY29tIn0.RTL62A-WdoyJKyURzDsAvpApBAVV5LY7GGVtQpoC6B4"] []
[2019-09-01 14:31:01] my_logger.WARNING: Expired token ["eyJ0eXAiOiJKV1QiLCJhbGciOiJIUzI1NiJ9.eyJpYXQiOjE1NjczNDgwNDUsImV4cCI6MTU2NzM0ODE2NSwianRpIjoiV0xFUmNYM0RvZ2k3V0dXUlppaTQ3Iiwic3ViIjoiam9hby5jYW5hYnJhdmFAZ21haWwuY29tIn0.RTL62A-WdoyJKyURzDsAvpApBAVV5LY7GGVtQpoC6B4"] []
[2019-09-01 14:31:13] my_logger.DEBUG: Using token from environment [] []
[2019-09-01 14:31:13] my_logger.WARNING: Expired token ["eyJ0eXAiOiJKV1QiLCJhbGciOiJIUzI1NiJ9.eyJpYXQiOjE1NjczNDgwNDUsImV4cCI6MTU2NzM0ODE2NSwianRpIjoiV0xFUmNYM0RvZ2k3V0dXUlppaTQ3Iiwic3ViIjoiam9hby5jYW5hYnJhdmFAZ21haWwuY29tIn0.RTL62A-WdoyJKyURzDsAvpApBAVV5LY7GGVtQpoC6B4"] []
[2019-09-01 14:31:13] my_logger.DEBUG: Using token from environment [] []
[2019-09-01 14:31:13] my_logger.WARNING: Expired token ["eyJ0eXAiOiJKV1QiLCJhbGciOiJIUzI1NiJ9.eyJpYXQiOjE1NjczNDgwNDUsImV4cCI6MTU2NzM0ODE2NSwianRpIjoiV0xFUmNYM0RvZ2k3V0dXUlppaTQ3Iiwic3ViIjoiam9hby5jYW5hYnJhdmFAZ21haWwuY29tIn0.RTL62A-WdoyJKyURzDsAvpApBAVV5LY7GGVtQpoC6B4"] []
[2019-09-01 14:31:13] my_logger.DEBUG: Using token from environment [] []
[2019-09-01 14:31:13] my_logger.WARNING: Expired token ["eyJ0eXAiOiJKV1QiLCJhbGciOiJIUzI1NiJ9.eyJpYXQiOjE1NjczNDgwNDUsImV4cCI6MTU2NzM0ODE2NSwianRpIjoiV0xFUmNYM0RvZ2k3V0dXUlppaTQ3Iiwic3ViIjoiam9hby5jYW5hYnJhdmFAZ21haWwuY29tIn0.RTL62A-WdoyJKyURzDsAvpApBAVV5LY7GGVtQpoC6B4"] []
[2019-09-01 14:32:16] my_logger.DEBUG: Using token from environment [] []
[2019-09-01 14:32:17] my_logger.DEBUG: Using token from environment [] []
[2019-09-01 14:32:17] my_logger.DEBUG: Using token from environment [] []
[2019-09-01 14:32:17] my_logger.DEBUG: Using token from environment [] []
[2019-09-01 14:37:29] my_logger.DEBUG: Using token from environment [] []
[2019-09-01 14:37:29] my_logger.WARNING: Expired token ["eyJ0eXAiOiJKV1QiLCJhbGciOiJIUzI1NiJ9.eyJpYXQiOjE1NjczNDgzMzIsImV4cCI6MTU2NzM0ODQ1MiwianRpIjoiNlprdEx3Qm1wWTAwa1lZaldWbUI1VCIsInN1YiI6ImpvYW8uY2FuYWJyYXZhQGdtYWlsLmNvbSJ9.XGdw-tqEE9n_elYhpOUKrTBqQ178whhNd4I3T_L4DW4"] []
[2019-09-01 14:37:29] my_logger.DEBUG: Using token from environment [] []
[2019-09-01 14:37:29] my_logger.WARNING: Expired token ["eyJ0eXAiOiJKV1QiLCJhbGciOiJIUzI1NiJ9.eyJpYXQiOjE1NjczNDgzMzIsImV4cCI6MTU2NzM0ODQ1MiwianRpIjoiNlprdEx3Qm1wWTAwa1lZaldWbUI1VCIsInN1YiI6ImpvYW8uY2FuYWJyYXZhQGdtYWlsLmNvbSJ9.XGdw-tqEE9n_elYhpOUKrTBqQ178whhNd4I3T_L4DW4"] []
[2019-09-01 14:37:30] my_logger.DEBUG: Using token from environment [] []
[2019-09-01 14:37:30] my_logger.WARNING: Expired token ["eyJ0eXAiOiJKV1QiLCJhbGciOiJIUzI1NiJ9.eyJpYXQiOjE1NjczNDgzMzIsImV4cCI6MTU2NzM0ODQ1MiwianRpIjoiNlprdEx3Qm1wWTAwa1lZaldWbUI1VCIsInN1YiI6ImpvYW8uY2FuYWJyYXZhQGdtYWlsLmNvbSJ9.XGdw-tqEE9n_elYhpOUKrTBqQ178whhNd4I3T_L4DW4"] []
[2019-09-01 14:38:04] my_logger.DEBUG: Using token from environment [] []
[2019-09-01 14:38:04] my_logger.WARNING: Expired token ["eyJ0eXAiOiJKV1QiLCJhbGciOiJIUzI1NiJ9.eyJpYXQiOjE1NjczNDgzMzIsImV4cCI6MTU2NzM0ODQ1MiwianRpIjoiNlprdEx3Qm1wWTAwa1lZaldWbUI1VCIsInN1YiI6ImpvYW8uY2FuYWJyYXZhQGdtYWlsLmNvbSJ9.XGdw-tqEE9n_elYhpOUKrTBqQ178whhNd4I3T_L4DW4"] []
[2019-09-01 14:38:04] my_logger.DEBUG: Using token from environment [] []
[2019-09-01 14:38:04] my_logger.WARNING: Expired token ["eyJ0eXAiOiJKV1QiLCJhbGciOiJIUzI1NiJ9.eyJpYXQiOjE1NjczNDgzMzIsImV4cCI6MTU2NzM0ODQ1MiwianRpIjoiNlprdEx3Qm1wWTAwa1lZaldWbUI1VCIsInN1YiI6ImpvYW8uY2FuYWJyYXZhQGdtYWlsLmNvbSJ9.XGdw-tqEE9n_elYhpOUKrTBqQ178whhNd4I3T_L4DW4"] []
[2019-09-01 14:38:04] my_logger.DEBUG: Using token from environment [] []
[2019-09-01 14:38:04] my_logger.WARNING: Expired token ["eyJ0eXAiOiJKV1QiLCJhbGciOiJIUzI1NiJ9.eyJpYXQiOjE1NjczNDgzMzIsImV4cCI6MTU2NzM0ODQ1MiwianRpIjoiNlprdEx3Qm1wWTAwa1lZaldWbUI1VCIsInN1YiI6ImpvYW8uY2FuYWJyYXZhQGdtYWlsLmNvbSJ9.XGdw-tqEE9n_elYhpOUKrTBqQ178whhNd4I3T_L4DW4"] []
[2019-09-01 14:43:02] my_logger.DEBUG: Using token from environment [] []
[2019-09-01 14:43:05] my_logger.DEBUG: Using token from environment [] []
[2019-09-01 14:43:05] my_logger.DEBUG: Using token from environment [] []
[2019-09-01 14:43:05] my_logger.DEBUG: Using token from environment [] []
[2019-09-01 14:45:21] my_logger.DEBUG: Using token from environment [] []
[2019-09-01 14:45:21] my_logger.WARNING: Expired token ["eyJ0eXAiOiJKV1QiLCJhbGciOiJIUzI1NiJ9.eyJpYXQiOjE1NjczNDg5ODIsImV4cCI6MTU2NzM0OTA0MiwianRpIjoiMlRuOTZiWUhGWXFmakh5NXRyckl3eSIsInN1YiI6ImpvYW8uY2FuYWJyYXZhQGdtYWlsLmNvbSJ9.qnRCsostx1SgZV4N5idho3hONNs6gZjwGiF4DWkaius"] []
[2019-09-01 14:45:21] my_logger.DEBUG: Using token from environment [] []
[2019-09-01 14:45:21] my_logger.WARNING: Expired token ["eyJ0eXAiOiJKV1QiLCJhbGciOiJIUzI1NiJ9.eyJpYXQiOjE1NjczNDg5ODIsImV4cCI6MTU2NzM0OTA0MiwianRpIjoiMlRuOTZiWUhGWXFmakh5NXRyckl3eSIsInN1YiI6ImpvYW8uY2FuYWJyYXZhQGdtYWlsLmNvbSJ9.qnRCsostx1SgZV4N5idho3hONNs6gZjwGiF4DWkaius"] []
[2019-09-01 14:45:21] my_logger.DEBUG: Using token from environment [] []
[2019-09-01 14:45:21] my_logger.WARNING: Expired token ["eyJ0eXAiOiJKV1QiLCJhbGciOiJIUzI1NiJ9.eyJpYXQiOjE1NjczNDg5ODIsImV4cCI6MTU2NzM0OTA0MiwianRpIjoiMlRuOTZiWUhGWXFmakh5NXRyckl3eSIsInN1YiI6ImpvYW8uY2FuYWJyYXZhQGdtYWlsLmNvbSJ9.qnRCsostx1SgZV4N5idho3hONNs6gZjwGiF4DWkaius"] []
[2019-09-01 14:48:12] my_logger.DEBUG: Using token from environment [] []
[2019-09-01 14:48:13] my_logger.DEBUG: Using token from environment [] []
[2019-09-01 14:48:13] my_logger.DEBUG: Using token from environment [] []
[2019-09-01 14:48:13] my_logger.DEBUG: Using token from environment [] []
[2019-09-01 14:48:45] my_logger.DEBUG: Using token from environment [] []
[2019-09-01 14:48:47] my_logger.DEBUG: Using token from environment [] []
[2019-09-01 14:48:47] my_logger.DEBUG: Using token from environment [] []
[2019-09-01 14:48:47] my_logger.DEBUG: Using token from environment [] []
[2019-09-01 14:50:56] my_logger.DEBUG: Using token from environment [] []
[2019-09-01 14:50:56] my_logger.WARNING: Expired token ["eyJ0eXAiOiJKV1QiLCJhbGciOiJIUzI1NiJ9.eyJpYXQiOjE1NjczNDkyOTEsImV4cCI6MTU2NzM0OTM1MSwianRpIjoiMVJRWTV6bUliUjNpcGJIWFV0dkswVSIsInN1YiI6ImpvYW8uY2FuYWJyYXZhQGdtYWlsLmNvbSJ9.ESzQ1-OF9jfXchL6LcHxS9aam4pzoqAaSfBkF7YIYAI"] []
[2019-09-01 14:50:56] my_logger.DEBUG: Using token from environment [] []
[2019-09-01 14:50:56] my_logger.DEBUG: Using token from environment [] []
[2019-09-01 14:50:56] my_logger.WARNING: Expired token ["eyJ0eXAiOiJKV1QiLCJhbGciOiJIUzI1NiJ9.eyJpYXQiOjE1NjczNDkyOTEsImV4cCI6MTU2NzM0OTM1MSwianRpIjoiMVJRWTV6bUliUjNpcGJIWFV0dkswVSIsInN1YiI6ImpvYW8uY2FuYWJyYXZhQGdtYWlsLmNvbSJ9.ESzQ1-OF9jfXchL6LcHxS9aam4pzoqAaSfBkF7YIYAI"] []
[2019-09-01 14:50:56] my_logger.WARNING: Expired token ["eyJ0eXAiOiJKV1QiLCJhbGciOiJIUzI1NiJ9.eyJpYXQiOjE1NjczNDkyOTEsImV4cCI6MTU2NzM0OTM1MSwianRpIjoiMVJRWTV6bUliUjNpcGJIWFV0dkswVSIsInN1YiI6ImpvYW8uY2FuYWJyYXZhQGdtYWlsLmNvbSJ9.ESzQ1-OF9jfXchL6LcHxS9aam4pzoqAaSfBkF7YIYAI"] []
[2019-09-01 14:53:33] my_logger.DEBUG: Using token from environment [] []
[2019-09-01 14:53:35] my_logger.DEBUG: Using token from environment [] []
[2019-09-01 14:53:35] my_logger.DEBUG: Using token from environment [] []
[2019-09-01 14:53:35] my_logger.DEBUG: Using token from environment [] []
[2019-09-01 14:54:54] my_logger.DEBUG: Using token from environment [] []
[2019-09-01 14:54:54] my_logger.WARNING: Expired token ["eyJ0eXAiOiJKV1QiLCJhbGciOiJIUzI1NiJ9.eyJpYXQiOjE1NjczNDk2MTMsImV4cCI6MTU2NzM0OTY3MywianRpIjoiMnE2Z291b1FWRFlKVWRXMHhsWVNPYiIsInN1YiI6ImpvYW8uY2FuYWJyYXZhQGdtYWlsLmNvbSJ9.LAAVh3RjiWdm3S-8ikvHClLG0qUHBbvP43TGQ1QoEZ0"] []
[2019-09-01 14:54:54] my_logger.DEBUG: Using token from environment [] []
[2019-09-01 14:54:54] my_logger.WARNING: Expired token ["eyJ0eXAiOiJKV1QiLCJhbGciOiJIUzI1NiJ9.eyJpYXQiOjE1NjczNDk2MTMsImV4cCI6MTU2NzM0OTY3MywianRpIjoiMnE2Z291b1FWRFlKVWRXMHhsWVNPYiIsInN1YiI6ImpvYW8uY2FuYWJyYXZhQGdtYWlsLmNvbSJ9.LAAVh3RjiWdm3S-8ikvHClLG0qUHBbvP43TGQ1QoEZ0"] []
[2019-09-01 14:54:54] my_logger.DEBUG: Using token from environment [] []
[2019-09-01 14:54:54] my_logger.WARNING: Expired token ["eyJ0eXAiOiJKV1QiLCJhbGciOiJIUzI1NiJ9.eyJpYXQiOjE1NjczNDk2MTMsImV4cCI6MTU2NzM0OTY3MywianRpIjoiMnE2Z291b1FWRFlKVWRXMHhsWVNPYiIsInN1YiI6ImpvYW8uY2FuYWJyYXZhQGdtYWlsLmNvbSJ9.LAAVh3RjiWdm3S-8ikvHClLG0qUHBbvP43TGQ1QoEZ0"] []
[2019-09-01 14:55:39] my_logger.DEBUG: Using token from environment [] []
[2019-09-01 14:55:43] my_logger.DEBUG: Using token from environment [] []
[2019-09-01 14:55:43] my_logger.DEBUG: Using token from environment [] []
[2019-09-01 14:55:43] my_logger.DEBUG: Using token from environment [] []
[2019-09-01 14:58:12] my_logger.DEBUG: Using token from environment [] []
[2019-09-01 14:58:12] my_logger.WARNING: Expired token ["eyJ0eXAiOiJKV1QiLCJhbGciOiJIUzI1NiJ9.eyJpYXQiOjE1NjczNDk3MzgsImV4cCI6MTU2NzM0OTc5OCwianRpIjoiN1BBeHR3VGJ6WGtwcTlwZlFMOUZIVSIsInN1YiI6ImpvYW8uY2FuYWJyYXZhQGdtYWlsLmNvbSJ9.byey-_QY9yS4f6pRqHsYqF3prqKIIgmGmgS-z-3VhCk"] []
[2019-09-01 14:58:12] my_logger.DEBUG: Using token from environment [] []
[2019-09-01 14:58:12] my_logger.WARNING: Expired token ["eyJ0eXAiOiJKV1QiLCJhbGciOiJIUzI1NiJ9.eyJpYXQiOjE1NjczNDk3MzgsImV4cCI6MTU2NzM0OTc5OCwianRpIjoiN1BBeHR3VGJ6WGtwcTlwZlFMOUZIVSIsInN1YiI6ImpvYW8uY2FuYWJyYXZhQGdtYWlsLmNvbSJ9.byey-_QY9yS4f6pRqHsYqF3prqKIIgmGmgS-z-3VhCk"] []
[2019-09-01 14:58:12] my_logger.DEBUG: Using token from environment [] []
[2019-09-01 14:58:12] my_logger.WARNING: Expired token ["eyJ0eXAiOiJKV1QiLCJhbGciOiJIUzI1NiJ9.eyJpYXQiOjE1NjczNDk3MzgsImV4cCI6MTU2NzM0OTc5OCwianRpIjoiN1BBeHR3VGJ6WGtwcTlwZlFMOUZIVSIsInN1YiI6ImpvYW8uY2FuYWJyYXZhQGdtYWlsLmNvbSJ9.byey-_QY9yS4f6pRqHsYqF3prqKIIgmGmgS-z-3VhCk"] []
[2019-09-01 15:00:58] my_logger.DEBUG: Using token from environment [] []
[2019-09-01 15:01:00] my_logger.DEBUG: Using token from environment [] []
[2019-09-01 15:01:00] my_logger.DEBUG: Using token from environment [] []
[2019-09-01 15:01:00] my_logger.DEBUG: Using token from environment [] []
[2019-09-01 15:02:53] my_logger.DEBUG: Using token from environment [] []
[2019-09-01 15:02:53] my_logger.WARNING: Expired token ["eyJ0eXAiOiJKV1QiLCJhbGciOiJIUzI1NiJ9.eyJpYXQiOjE1NjczNTAwNTcsImV4cCI6MTU2NzM1MDExNywianRpIjoiNjVTSnBnNXpyUkd3WEZoeWl4SEZaVyIsInN1YiI6ImpvYW8uY2FuYWJyYXZhQGdtYWlsLmNvbSJ9.YAml4qYKhe4WiuowAONR1GhV78cftk9dsZMal7CzdFE"] []
[2019-09-01 15:02:53] my_logger.DEBUG: Using token from environment [] []
[2019-09-01 15:02:53] my_logger.WARNING: Expired token ["eyJ0eXAiOiJKV1QiLCJhbGciOiJIUzI1NiJ9.eyJpYXQiOjE1NjczNTAwNTcsImV4cCI6MTU2NzM1MDExNywianRpIjoiNjVTSnBnNXpyUkd3WEZoeWl4SEZaVyIsInN1YiI6ImpvYW8uY2FuYWJyYXZhQGdtYWlsLmNvbSJ9.YAml4qYKhe4WiuowAONR1GhV78cftk9dsZMal7CzdFE"] []
[2019-09-01 15:02:53] my_logger.DEBUG: Using token from environment [] []
[2019-09-01 15:02:53] my_logger.WARNING: Expired token ["eyJ0eXAiOiJKV1QiLCJhbGciOiJIUzI1NiJ9.eyJpYXQiOjE1NjczNTAwNTcsImV4cCI6MTU2NzM1MDExNywianRpIjoiNjVTSnBnNXpyUkd3WEZoeWl4SEZaVyIsInN1YiI6ImpvYW8uY2FuYWJyYXZhQGdtYWlsLmNvbSJ9.YAml4qYKhe4WiuowAONR1GhV78cftk9dsZMal7CzdFE"] []
[2019-09-01 15:04:17] my_logger.DEBUG: Using token from environment [] []
[2019-09-01 15:04:18] my_logger.DEBUG: Using token from environment [] []
[2019-09-01 15:04:18] my_logger.DEBUG: Using token from environment [] []
[2019-09-01 15:04:18] my_logger.DEBUG: Using token from environment [] []
[2019-09-01 15:05:12] my_logger.DEBUG: Using token from environment [] []
[2019-09-01 15:05:13] my_logger.DEBUG: Using token from environment [] []
[2019-09-01 15:05:13] my_logger.DEBUG: Using token from environment [] []
[2019-09-01 15:05:13] my_logger.DEBUG: Using token from environment [] []
[2019-09-01 15:05:44] my_logger.DEBUG: Using token from environment [] []
[2019-09-01 15:05:44] my_logger.WARNING: Expired token ["eyJ0eXAiOiJKV1QiLCJhbGciOiJIUzI1NiJ9.eyJpYXQiOjE1NjczNTAyNTcsImV4cCI6MTU2NzM1MDMxNywianRpIjoiMnRZTGJGN2VMVXRRNnlaaUFFMXgyOCIsInN1YiI6ImpvYW8uY2FuYWJyYXZhQGdtYWlsLmNvbSJ9.Lg7IBto-DXLQNBUaQaNysu3Oih5ac8MQ7ygFOEqhmqE"] []
[2019-09-01 15:05:44] my_logger.DEBUG: Using token from environment [] []
[2019-09-01 15:05:44] my_logger.DEBUG: Using token from environment [] []
[2019-09-01 15:05:44] my_logger.WARNING: Expired token ["eyJ0eXAiOiJKV1QiLCJhbGciOiJIUzI1NiJ9.eyJpYXQiOjE1NjczNTAyNTcsImV4cCI6MTU2NzM1MDMxNywianRpIjoiMnRZTGJGN2VMVXRRNnlaaUFFMXgyOCIsInN1YiI6ImpvYW8uY2FuYWJyYXZhQGdtYWlsLmNvbSJ9.Lg7IBto-DXLQNBUaQaNysu3Oih5ac8MQ7ygFOEqhmqE"] []
[2019-09-01 15:05:44] my_logger.WARNING: Expired token ["eyJ0eXAiOiJKV1QiLCJhbGciOiJIUzI1NiJ9.eyJpYXQiOjE1NjczNTAyNTcsImV4cCI6MTU2NzM1MDMxNywianRpIjoiMnRZTGJGN2VMVXRRNnlaaUFFMXgyOCIsInN1YiI6ImpvYW8uY2FuYWJyYXZhQGdtYWlsLmNvbSJ9.Lg7IBto-DXLQNBUaQaNysu3Oih5ac8MQ7ygFOEqhmqE"] []
[2019-09-01 16:19:24] my_logger.DEBUG: Using token from environment [] []
[2019-09-01 16:19:24] my_logger.DEBUG: Using token from environment [] []
[2019-09-01 16:19:25] my_logger.DEBUG: Using token from environment [] []
[2019-09-01 16:19:25] my_logger.DEBUG: Using token from environment [] []
